<?xml version="1.0" encoding="UTF-8"?>
<!-- Generated by org.testng.reporters.JUnitReportReporter -->
<testsuite hostname="DESKTOP-CP4S73C" failures="0" tests="1" name="testNG.TestNGDemo" time="14.812" errors="0" timestamp="2019-11-25T18:51:33 IST" skipped="0">
  <testcase classname="testNG.TestNGDemo" name="tearup" time="14.812"/>
</testsuite> <!-- testNG.TestNGDemo -->
