<?xml version="1.0" encoding="UTF-8"?>
<!-- Generated by org.testng.reporters.JUnitReportReporter -->
<testsuite hostname="DESKTOP-CP4S73C" failures="0" tests="1" name="testNG.ReportsLog4J" time="17.677" errors="0" timestamp="2019-11-28T17:10:13 IST" skipped="0">
  <testcase classname="testNG.ReportsLog4J" name="login" time="17.677"/>
</testsuite> <!-- testNG.ReportsLog4J -->
